<?xml version="1.0" encoding="UTF-8"?>
<coverage generated="1726046432297" clover="3.2.0">
  <project timestamp="1726046432297" name="All files">
    <metrics statements="120" coveredstatements="116" conditionals="67" coveredconditionals="63" methods="63" coveredmethods="61" elements="250" coveredelements="240" complexity="0" loc="120" ncloc="120" packages="5" files="19" classes="19"/>
    <package name="components">
      <metrics statements="23" coveredstatements="23" conditionals="6" coveredconditionals="6" methods="12" coveredmethods="12"/>
      <file name="Application.js" path="/Users/rjayel/lighthouse/M08/W19/scheduler/src/components/Application.js">
        <metrics statements="5" coveredstatements="5" conditionals="0" coveredconditionals="0" methods="2" coveredmethods="2"/>
        <line num="22" count="17" type="stmt"/>
        <line num="24" count="17" type="stmt"/>
        <line num="26" count="17" type="stmt"/>
        <line num="28" count="20" type="stmt"/>
        <line num="41" count="17" type="stmt"/>
      </file>
      <file name="Button.js" path="/Users/rjayel/lighthouse/M08/W19/scheduler/src/components/Button.js">
        <metrics statements="2" coveredstatements="2" conditionals="0" coveredconditionals="0" methods="1" coveredmethods="1"/>
        <line num="8" count="47" type="stmt"/>
        <line num="13" count="47" type="stmt"/>
      </file>
      <file name="DayList.js" path="/Users/rjayel/lighthouse/M08/W19/scheduler/src/components/DayList.js">
        <metrics statements="3" coveredstatements="3" conditionals="0" coveredconditionals="0" methods="2" coveredmethods="2"/>
        <line num="6" count="17" type="stmt"/>
        <line num="7" count="20" type="stmt"/>
        <line num="18" count="17" type="stmt"/>
      </file>
      <file name="DayListItem.js" path="/Users/rjayel/lighthouse/M08/W19/scheduler/src/components/DayListItem.js">
        <metrics statements="6" coveredstatements="6" conditionals="4" coveredconditionals="4" methods="3" coveredmethods="3"/>
        <line num="7" count="20" type="cond" truecount="2" falsecount="0"/>
        <line num="8" count="19" type="cond" truecount="2" falsecount="0"/>
        <line num="10" count="1" type="stmt"/>
        <line num="14" count="20" type="stmt"/>
        <line num="19" count="20" type="stmt"/>
        <line num="22" count="1" type="stmt"/>
      </file>
      <file name="InterviewerList.js" path="/Users/rjayel/lighthouse/M08/W19/scheduler/src/components/InterviewerList.js">
        <metrics statements="5" coveredstatements="5" conditionals="0" coveredconditionals="0" methods="3" coveredmethods="3"/>
        <line num="10" count="21" type="stmt"/>
        <line num="11" count="29" type="stmt"/>
        <line num="18" count="2" type="stmt"/>
        <line num="23" count="21" type="stmt"/>
        <line num="31" count="3" type="stmt"/>
      </file>
      <file name="InterviewerListItem.js" path="/Users/rjayel/lighthouse/M08/W19/scheduler/src/components/InterviewerListItem.js">
        <metrics statements="2" coveredstatements="2" conditionals="2" coveredconditionals="2" methods="1" coveredmethods="1"/>
        <line num="7" count="29" type="stmt"/>
        <line num="11" count="29" type="stmt"/>
      </file>
    </package>
    <package name="components.Appointment">
      <metrics statements="47" coveredstatements="46" conditionals="30" coveredconditionals="30" methods="22" coveredmethods="21"/>
      <file name="Confirm.js" path="/Users/rjayel/lighthouse/M08/W19/scheduler/src/components/Appointment/Confirm.js">
        <metrics statements="1" coveredstatements="1" conditionals="0" coveredconditionals="0" methods="1" coveredmethods="1"/>
        <line num="6" count="2" type="stmt"/>
      </file>
      <file name="Empty.js" path="/Users/rjayel/lighthouse/M08/W19/scheduler/src/components/Appointment/Empty.js">
        <metrics statements="1" coveredstatements="1" conditionals="0" coveredconditionals="0" methods="1" coveredmethods="1"/>
        <line num="4" count="27" type="stmt"/>
      </file>
      <file name="Error.js" path="/Users/rjayel/lighthouse/M08/W19/scheduler/src/components/Appointment/Error.js">
        <metrics statements="1" coveredstatements="1" conditionals="0" coveredconditionals="0" methods="1" coveredmethods="1"/>
        <line num="4" count="2" type="stmt"/>
      </file>
      <file name="Form.js" path="/Users/rjayel/lighthouse/M08/W19/scheduler/src/components/Appointment/Form.js">
        <metrics statements="18" coveredstatements="17" conditionals="8" coveredconditionals="8" methods="6" coveredmethods="5"/>
        <line num="7" count="21" type="cond" truecount="2" falsecount="0"/>
        <line num="8" count="21" type="cond" truecount="2" falsecount="0"/>
        <line num="9" count="21" type="stmt"/>
        <line num="12" count="1" type="stmt"/>
        <line num="13" count="1" type="stmt"/>
        <line num="17" count="1" type="stmt"/>
        <line num="18" count="1" type="stmt"/>
        <line num="22" count="7" type="cond" truecount="2" falsecount="0"/>
        <line num="23" count="2" type="stmt"/>
        <line num="24" count="2" type="stmt"/>
        <line num="27" count="5" type="cond" truecount="2" falsecount="0"/>
        <line num="28" count="2" type="stmt"/>
        <line num="29" count="2" type="stmt"/>
        <line num="32" count="3" type="stmt"/>
        <line num="33" count="3" type="stmt"/>
        <line num="37" count="21" type="stmt"/>
        <line num="40" count="0" type="stmt"/>
        <line num="48" count="5" type="stmt"/>
      </file>
      <file name="Header.js" path="/Users/rjayel/lighthouse/M08/W19/scheduler/src/components/Appointment/Header.js">
        <metrics statements="1" coveredstatements="1" conditionals="0" coveredconditionals="0" methods="1" coveredmethods="1"/>
        <line num="4" count="50" type="stmt"/>
      </file>
      <file name="Show.js" path="/Users/rjayel/lighthouse/M08/W19/scheduler/src/components/Appointment/Show.js">
        <metrics statements="1" coveredstatements="1" conditionals="2" coveredconditionals="2" methods="1" coveredmethods="1"/>
        <line num="4" count="10" type="stmt"/>
      </file>
      <file name="Status.js" path="/Users/rjayel/lighthouse/M08/W19/scheduler/src/components/Appointment/Status.js">
        <metrics statements="1" coveredstatements="1" conditionals="0" coveredconditionals="0" methods="1" coveredmethods="1"/>
        <line num="4" count="6" type="stmt"/>
      </file>
      <file name="index.js" path="/Users/rjayel/lighthouse/M08/W19/scheduler/src/components/Appointment/index.js">
        <metrics statements="23" coveredstatements="23" conditionals="20" coveredconditionals="20" methods="10" coveredmethods="10"/>
        <line num="16" count="50" type="stmt"/>
        <line num="17" count="50" type="stmt"/>
        <line num="18" count="50" type="stmt"/>
        <line num="19" count="50" type="stmt"/>
        <line num="20" count="50" type="stmt"/>
        <line num="21" count="50" type="stmt"/>
        <line num="22" count="50" type="stmt"/>
        <line num="23" count="50" type="stmt"/>
        <line num="24" count="50" type="stmt"/>
        <line num="27" count="50" type="stmt"/>
        <line num="32" count="2" type="stmt"/>
        <line num="37" count="2" type="stmt"/>
        <line num="39" count="2" type="stmt"/>
        <line num="41" count="1" type="stmt"/>
        <line num="42" count="1" type="stmt"/>
        <line num="46" count="2" type="stmt"/>
        <line num="47" count="2" type="stmt"/>
        <line num="49" count="1" type="stmt"/>
        <line num="50" count="1" type="stmt"/>
        <line num="55" count="50" type="stmt"/>
        <line num="58" count="2" type="cond" truecount="2" falsecount="0"/>
        <line num="68" count="1" type="stmt"/>
        <line num="69" count="2" type="stmt"/>
      </file>
    </package>
    <package name="helpers">
      <metrics statements="7" coveredstatements="7" conditionals="10" coveredconditionals="10" methods="7" coveredmethods="7"/>
      <file name="selectors.js" path="/Users/rjayel/lighthouse/M08/W19/scheduler/src/helpers/selectors.js">
        <metrics statements="7" coveredstatements="7" conditionals="10" coveredconditionals="10" methods="7" coveredmethods="7"/>
        <line num="2" count="22" type="stmt"/>
        <line num="4" count="22" type="cond" truecount="4" falsecount="0"/>
        <line num="6" count="28" type="stmt"/>
        <line num="10" count="22" type="stmt"/>
        <line num="12" count="22" type="cond" truecount="4" falsecount="0"/>
        <line num="14" count="26" type="stmt"/>
        <line num="18" count="22" type="stmt"/>
      </file>
    </package>
    <package name="hooks">
      <metrics statements="28" coveredstatements="25" conditionals="11" coveredconditionals="7" methods="18" coveredmethods="17"/>
      <file name="useApplicationData.js" path="/Users/rjayel/lighthouse/M08/W19/scheduler/src/hooks/useApplicationData.js">
        <metrics statements="11" coveredstatements="11" conditionals="0" coveredconditionals="0" methods="8" coveredmethods="8"/>
        <line num="14" count="17" type="stmt"/>
        <line num="21" count="17" type="stmt"/>
        <line num="23" count="17" type="stmt"/>
        <line num="24" count="7" type="stmt"/>
        <line num="30" count="7" type="stmt"/>
        <line num="39" count="17" type="stmt"/>
        <line num="42" count="2" type="stmt"/>
        <line num="43" count="1" type="stmt"/>
        <line num="52" count="2" type="stmt"/>
        <line num="53" count="1" type="stmt"/>
        <line num="61" count="17" type="stmt"/>
      </file>
      <file name="useRealtimeUpdate.js" path="/Users/rjayel/lighthouse/M08/W19/scheduler/src/hooks/useRealtimeUpdate.js">
        <metrics statements="8" coveredstatements="5" conditionals="4" coveredconditionals="0" methods="4" coveredmethods="3"/>
        <line num="5" count="17" type="stmt"/>
        <line num="6" count="7" type="stmt"/>
        <line num="8" count="7" type="stmt"/>
        <line num="9" count="0" type="stmt"/>
        <line num="11" count="0" type="cond" truecount="0" falsecount="4"/>
        <line num="12" count="0" type="stmt"/>
        <line num="16" count="7" type="stmt"/>
        <line num="17" count="7" type="stmt"/>
      </file>
      <file name="useVisualMode.js" path="/Users/rjayel/lighthouse/M08/W19/scheduler/src/hooks/useVisualMode.js">
        <metrics statements="9" coveredstatements="9" conditionals="7" coveredconditionals="7" methods="6" coveredmethods="6"/>
        <line num="3" count="4" type="stmt"/>
        <line num="4" count="60" type="stmt"/>
        <line num="6" count="60" type="cond" truecount="1" falsecount="0"/>
        <line num="7" count="17" type="cond" truecount="2" falsecount="0"/>
        <line num="9" count="17" type="cond" truecount="2" falsecount="0"/>
        <line num="12" count="60" type="stmt"/>
        <line num="13" count="4" type="cond" truecount="2" falsecount="0"/>
        <line num="14" count="3" type="stmt"/>
        <line num="18" count="60" type="stmt"/>
      </file>
    </package>
    <package name="reducers">
      <metrics statements="15" coveredstatements="15" conditionals="10" coveredconditionals="10" methods="4" coveredmethods="4"/>
      <file name="application.js" path="/Users/rjayel/lighthouse/M08/W19/scheduler/src/reducers/application.js">
        <metrics statements="15" coveredstatements="15" conditionals="10" coveredconditionals="10" methods="4" coveredmethods="4"/>
        <line num="1" count="4" type="stmt"/>
        <line num="2" count="4" type="stmt"/>
        <line num="3" count="4" type="stmt"/>
        <line num="6" count="11" type="cond" truecount="4" falsecount="0"/>
        <line num="8" count="1" type="stmt"/>
        <line num="10" count="7" type="stmt"/>
        <line num="17" count="2" type="stmt"/>
        <line num="22" count="2" type="stmt"/>
        <line num="27" count="2" type="stmt"/>
        <line num="28" count="2" type="stmt"/>
        <line num="30" count="4" type="cond" truecount="2" falsecount="0"/>
        <line num="34" count="2" type="stmt"/>
        <line num="35" count="4" type="cond" truecount="2" falsecount="0"/>
        <line num="43" count="2" type="stmt"/>
        <line num="50" count="1" type="stmt"/>
      </file>
    </package>
  </project>
</coverage>
