TN:
SF:/Users/rjayel/lighthouse/M08/W19/scheduler/src/components/Application.js
FN:16,Application
FN:27,(anonymous_1)
FNF:2
FNH:2
FNDA:17,Application
FNDA:20,(anonymous_1)
DA:22,17
DA:24,17
DA:26,17
DA:28,20
DA:41,17
LF:5
LH:5
BRF:0
BRH:0
end_of_record
TN:
SF:/Users/rjayel/lighthouse/M08/W19/scheduler/src/components/Button.js
FN:7,Button
FNF:1
FNH:1
FNDA:47,Button
DA:8,47
DA:13,47
LF:2
LH:2
BRF:0
BRH:0
end_of_record
TN:
SF:/Users/rjayel/lighthouse/M08/W19/scheduler/src/components/DayList.js
FN:5,DayList
FN:6,(anonymous_1)
FNF:2
FNH:2
FNDA:17,DayList
FNDA:20,(anonymous_1)
DA:6,17
DA:7,20
DA:18,17
LF:3
LH:3
BRF:0
BRH:0
end_of_record
TN:
SF:/Users/rjayel/lighthouse/M08/W19/scheduler/src/components/DayListItem.js
FN:6,formatSpots
FN:13,DayListItem
FN:22,(anonymous_2)
FNF:3
FNH:3
FNDA:20,formatSpots
FNDA:20,DayListItem
FNDA:1,(anonymous_2)
DA:7,20
DA:8,19
DA:10,1
DA:14,20
DA:19,20
DA:22,1
LF:6
LH:6
BRDA:7,0,0,1
BRDA:7,0,1,19
BRDA:8,1,0,18
BRDA:8,1,1,1
BRF:4
BRH:4
end_of_record
TN:
SF:/Users/rjayel/lighthouse/M08/W19/scheduler/src/components/InterviewerList.js
FN:9,InterviewerList
FN:10,(anonymous_1)
FN:18,(anonymous_2)
FNF:3
FNH:3
FNDA:21,InterviewerList
FNDA:29,(anonymous_1)
FNDA:2,(anonymous_2)
DA:10,21
DA:11,29
DA:18,2
DA:23,21
DA:31,3
LF:5
LH:5
BRF:0
BRH:0
end_of_record
TN:
SF:/Users/rjayel/lighthouse/M08/W19/scheduler/src/components/InterviewerListItem.js
FN:6,InterviewerItem
FNF:1
FNH:1
FNDA:29,InterviewerItem
DA:7,29
DA:11,29
LF:2
LH:2
BRDA:18,0,0,29
BRDA:18,0,1,8
BRF:2
BRH:2
end_of_record
TN:
SF:/Users/rjayel/lighthouse/M08/W19/scheduler/src/components/Appointment/Confirm.js
FN:5,Confirm
FNF:1
FNH:1
FNDA:2,Confirm
DA:6,2
LF:1
LH:1
BRF:0
BRH:0
end_of_record
TN:
SF:/Users/rjayel/lighthouse/M08/W19/scheduler/src/components/Appointment/Empty.js
FN:3,Empty
FNF:1
FNH:1
FNDA:27,Empty
DA:4,27
LF:1
LH:1
BRF:0
BRH:0
end_of_record
TN:
SF:/Users/rjayel/lighthouse/M08/W19/scheduler/src/components/Appointment/Error.js
FN:3,Error
FNF:1
FNH:1
FNDA:2,Error
DA:4,2
LF:1
LH:1
BRF:0
BRH:0
end_of_record
TN:
SF:/Users/rjayel/lighthouse/M08/W19/scheduler/src/components/Appointment/Form.js
FN:6,Form
FN:11,reset
FN:16,cancel
FN:21,validate
FN:40,(anonymous_4)
FN:47,(anonymous_5)
FNF:6
FNH:5
FNDA:21,Form
FNDA:1,reset
FNDA:1,cancel
FNDA:7,validate
FNDA:0,(anonymous_4)
FNDA:5,(anonymous_5)
DA:7,21
DA:8,21
DA:9,21
DA:12,1
DA:13,1
DA:17,1
DA:18,1
DA:22,7
DA:23,2
DA:24,2
DA:27,5
DA:28,2
DA:29,2
DA:32,3
DA:33,3
DA:37,21
DA:40,0
DA:48,5
LF:18
LH:17
BRDA:7,0,0,21
BRDA:7,0,1,12
BRDA:8,1,0,21
BRDA:8,1,1,15
BRDA:22,2,0,2
BRDA:22,2,1,5
BRDA:27,3,0,2
BRDA:27,3,1,3
BRF:8
BRH:8
end_of_record
TN:
SF:/Users/rjayel/lighthouse/M08/W19/scheduler/src/components/Appointment/Header.js
FN:3,Header
FNF:1
FNH:1
FNDA:50,Header
DA:4,50
LF:1
LH:1
BRF:0
BRH:0
end_of_record
TN:
SF:/Users/rjayel/lighthouse/M08/W19/scheduler/src/components/Appointment/Show.js
FN:3,Show
FNF:1
FNH:1
FNDA:10,Show
DA:4,10
LF:1
LH:1
BRDA:11,0,0,10
BRDA:11,0,1,10
BRF:2
BRH:2
end_of_record
TN:
SF:/Users/rjayel/lighthouse/M08/W19/scheduler/src/components/Appointment/Status.js
FN:3,Status
FNF:1
FNH:1
FNDA:6,Status
DA:4,6
LF:1
LH:1
BRF:0
BRH:0
end_of_record
TN:
SF:/Users/rjayel/lighthouse/M08/W19/scheduler/src/components/Appointment/index.js
FN:15,Appointment
FN:31,save
FN:41,(anonymous_2)
FN:42,(anonymous_3)
FN:45,destroy
FN:49,(anonymous_5)
FN:50,(anonymous_6)
FN:58,(anonymous_7)
FN:68,(anonymous_8)
FN:69,(anonymous_9)
FNF:10
FNH:10
FNDA:50,Appointment
FNDA:2,save
FNDA:1,(anonymous_2)
FNDA:1,(anonymous_3)
FNDA:2,destroy
FNDA:1,(anonymous_5)
FNDA:1,(anonymous_6)
FNDA:2,(anonymous_7)
FNDA:1,(anonymous_8)
FNDA:2,(anonymous_9)
DA:16,50
DA:17,50
DA:18,50
DA:19,50
DA:20,50
DA:21,50
DA:22,50
DA:23,50
DA:24,50
DA:27,50
DA:32,2
DA:37,2
DA:39,2
DA:41,1
DA:42,1
DA:46,2
DA:47,2
DA:49,1
DA:50,1
DA:55,50
DA:58,2
DA:68,1
DA:69,2
LF:23
LH:23
BRDA:28,0,0,17
BRDA:28,0,1,33
BRDA:58,1,0,50
BRDA:58,1,1,27
BRDA:59,2,0,50
BRDA:59,2,1,2
BRDA:61,3,0,50
BRDA:61,3,1,3
BRDA:64,4,0,50
BRDA:64,4,1,10
BRDA:73,5,0,50
BRDA:73,5,1,1
BRDA:74,6,0,50
BRDA:74,6,1,2
BRDA:75,7,0,50
BRDA:75,7,1,3
BRDA:76,8,0,50
BRDA:76,8,1,1
BRDA:77,9,0,50
BRDA:77,9,1,1
BRF:20
BRH:20
end_of_record
TN:
SF:/Users/rjayel/lighthouse/M08/W19/scheduler/src/helpers/selectors.js
FN:1,getAppointmentsForDay
FN:2,(anonymous_1)
FN:6,(anonymous_2)
FN:9,getInterviewersForDay
FN:10,(anonymous_4)
FN:14,(anonymous_5)
FN:17,getInterview
FNF:7
FNH:7
FNDA:22,getAppointmentsForDay
FNDA:17,(anonymous_1)
FNDA:28,(anonymous_2)
FNDA:22,getInterviewersForDay
FNDA:17,(anonymous_4)
FNDA:26,(anonymous_5)
FNDA:22,getInterview
DA:2,22
DA:4,22
DA:6,28
DA:10,22
DA:12,22
DA:14,26
DA:18,22
LF:7
LH:7
BRDA:4,0,0,9
BRDA:4,0,1,13
BRDA:4,1,0,22
BRDA:4,1,1,14
BRDA:12,2,0,9
BRDA:12,2,1,13
BRDA:12,3,0,22
BRDA:12,3,1,14
BRDA:19,4,0,22
BRDA:19,4,1,11
BRF:10
BRH:10
end_of_record
TN:
SF:/Users/rjayel/lighthouse/M08/W19/scheduler/src/hooks/useApplicationData.js
FN:13,useApplicationData
FN:21,(anonymous_1)
FN:23,(anonymous_2)
FN:29,(anonymous_3)
FN:41,bookInterview
FN:42,(anonymous_5)
FN:51,cancelInterview
FN:52,(anonymous_7)
FNF:8
FNH:8
FNDA:17,useApplicationData
FNDA:1,(anonymous_1)
FNDA:7,(anonymous_2)
FNDA:7,(anonymous_3)
FNDA:2,bookInterview
FNDA:1,(anonymous_5)
FNDA:2,cancelInterview
FNDA:1,(anonymous_7)
DA:14,17
DA:21,17
DA:23,17
DA:24,7
DA:30,7
DA:39,17
DA:42,2
DA:43,1
DA:52,2
DA:53,1
DA:61,17
LF:11
LH:11
BRF:0
BRH:0
end_of_record
TN:
SF:/Users/rjayel/lighthouse/M08/W19/scheduler/src/hooks/useRealtimeUpdate.js
FN:4,useRealtimeUpdate
FN:5,(anonymous_1)
FN:8,(anonymous_2)
FN:16,(anonymous_3)
FNF:4
FNH:3
FNDA:17,useRealtimeUpdate
FNDA:7,(anonymous_1)
FNDA:0,(anonymous_2)
FNDA:7,(anonymous_3)
DA:5,17
DA:6,7
DA:8,7
DA:9,0
DA:11,0
DA:12,0
DA:16,7
DA:17,7
LF:8
LH:5
BRDA:11,0,0,0
BRDA:11,0,1,0
BRDA:11,1,0,0
BRDA:11,1,1,0
BRF:4
BRH:0
end_of_record
TN:
SF:/Users/rjayel/lighthouse/M08/W19/scheduler/src/hooks/useVisualMode.js
FN:3,(anonymous_0)
FN:6,(anonymous_1)
FN:7,(anonymous_2)
FN:9,(anonymous_3)
FN:12,(anonymous_4)
FN:14,(anonymous_5)
FNF:6
FNH:6
FNDA:60,(anonymous_0)
FNDA:17,(anonymous_1)
FNDA:12,(anonymous_2)
FNDA:5,(anonymous_3)
FNDA:4,(anonymous_4)
FNDA:3,(anonymous_5)
DA:3,4
DA:4,60
DA:6,60
DA:7,17
DA:9,17
DA:12,60
DA:13,4
DA:14,3
DA:18,60
LF:9
LH:9
BRDA:6,0,0,12
BRDA:7,1,0,17
BRDA:7,1,1,12
BRDA:9,2,0,17
BRDA:9,2,1,5
BRDA:13,3,0,4
BRDA:13,3,1,3
BRF:7
BRH:7
end_of_record
TN:
SF:/Users/rjayel/lighthouse/M08/W19/scheduler/src/reducers/application.js
FN:5,reducer
FN:27,(anonymous_1)
FN:30,(anonymous_2)
FN:34,(anonymous_3)
FNF:4
FNH:4
FNDA:11,reducer
FNDA:2,(anonymous_1)
FNDA:4,(anonymous_2)
FNDA:4,(anonymous_3)
DA:1,4
DA:2,4
DA:3,4
DA:6,11
DA:8,1
DA:10,7
DA:17,2
DA:22,2
DA:27,2
DA:28,2
DA:30,4
DA:34,2
DA:35,4
DA:43,2
DA:50,1
LF:15
LH:15
BRDA:6,0,0,1
BRDA:6,0,1,7
BRDA:6,0,2,2
BRDA:6,0,3,1
BRDA:19,1,0,2
BRDA:19,1,1,1
BRDA:30,2,0,2
BRDA:30,2,1,2
BRDA:35,3,0,2
BRDA:35,3,1,2
BRF:10
BRH:10
end_of_record
